1.6e-83 291.1 19.7 2.2e-83 290.7 19.7 1.1 1 Q5V0N2_Archaea_Euryarchaeota_Halobacteria
3.3e-82 286.8 23.8 4.3e-82 286.5 23.8 1.1 1 A0A1U7EU06_Archaea_Euryarchaeota_Halobacteria
1.9e-78 274.5 21.7 1.9e-78 274.5 21.7 1.3 1 Q9HNE6_Archaea_Euryarchaeota_Halobacteria
3.4e-78 273.7 17.7 3.9e-78 273.5 17.7 1.0 1 A0A343TMT4_Archaea_Euryarchaeota_Halobacteria
5.7e-78 273.0 19.4 8.5e-78 272.4 19.4 1.2 1 A0A1G8RP78_Archaea_Euryarchaeota_Halobacteria
4.4e-77 270.1 20.4 5.3e-77 269.8 20.4 1.1 1 A0A554NB04_Archaea_Euryarchaeota_Halobacteria
7.9e-77 269.2 22.1 9.9e-77 268.9 22.1 1.1 1 Q18DH3_Archaea_Euryarchaeota_Halobacteria
1.2e-76 268.6 21.8 1.5e-76 268.3 21.8 1.1 1 A0A3M9VXU7_Archaea_Euryarchaeota_Halobacteria
3.9e-75 263.7 20.5 3.9e-75 263.7 20.5 1.6 1 U1P631_Archaea_Euryarchaeota_Halobacteria
7.2e-75 262.8 21.1 8.7e-75 262.5 21.1 1.1 1 U1PJN6_Archaea_Euryarchaeota_Halobacteria
2.6e-74 260.9 18.8 3.6e-74 260.5 18.8 1.2 1 M0D420_Archaea_Euryarchaeota_Halobacteria
4.4e-74 260.2 25.3 6e-74 259.8 25.3 1.2 1 V4XW33_Archaea_
4.1e-73 257.0 16.7 5.7e-73 256.6 16.7 1.2 1 F7PMY4_Archaea_Euryarchaeota_Halobacteria
5.1e-73 256.7 17.0 6.2e-73 256.4 17.0 1.1 1 S6CUB8_Archaea_Euryarchaeota_Halobacteria
6.9e-73 256.3 19.4 8.8e-73 255.9 19.4 1.1 1 A0A3A6PS92_Archaea_Euryarchaeota_Halobacteria
5.2e-72 253.4 26.6 5.2e-72 253.4 26.6 1.4 1 A0A2I8VP61_Archaea_Euryarchaeota_Halobacteria
9.1e-72 252.6 24.3 1.3e-71 252.1 24.3 1.2 1 A0A4D6HBR5_Archaea_Euryarchaeota_Halobacteria
9.7e-72 252.5 17.3 1.3e-71 252.2 17.3 1.1 1 A0A498GEQ3_Archaea_Euryarchaeota_Halobacteria
2.2e-71 251.3 16.6 2.2e-71 251.3 16.6 1.3 1 Q5V127_Archaea_Euryarchaeota_Halobacteria
7.2e-71 249.7 17.2 7.2e-71 249.7 17.2 1.6 1 A0A3A6Q1L2_Archaea_Euryarchaeota_Halobacteria
8e-71 249.5 20.6 9.6e-71 249.3 20.6 1.1 1 U1NTH8_Archaea_Euryarchaeota_Halobacteria
1e-70 249.2 21.1 1e-70 249.2 21.1 1.9 2 A0A1H6SRS2_Archaea_Euryarchaeota_Halobacteria
1.7e-70 248.5 23.9 2.2e-70 248.1 23.9 1.1 1 A0A1H3XBM5_Archaea_Euryarchaeota_Halobacteria
4.8e-70 247.0 15.7 6.7e-70 246.5 15.7 1.2 1 U1P992_Archaea_Euryarchaeota_Halobacteria
5.1e-70 246.9 26.5 6.7e-70 246.5 26.5 1.1 1 A0A1U7ETG8_Archaea_Euryarchaeota_Halobacteria
1e-69 245.9 17.8 1.6e-69 245.3 17.8 1.3 1 A0A4D6HE62_Archaea_Euryarchaeota_Halobacteria
3.7e-69 244.0 21.6 4.8e-69 243.7 21.6 1.1 1 Q18J20_Archaea_Euryarchaeota_Halobacteria
7.1e-69 243.1 12.5 9.3e-69 242.7 12.5 1.1 1 E8QX22_Bacteria_Planctomycetes_Planctomycetia_Isosphaerales_Isosphaeraceae
7.7e-69 243.0 19.6 1.2e-68 242.4 19.6 1.3 1 Q9HPU7_Archaea_Euryarchaeota_Halobacteria
1e-68 242.7 23.3 1.1e-68 242.5 23.3 1.0 1 U1NS59_Archaea_Euryarchaeota_Halobacteria
2.9e-67 237.8 20.1 2.9e-67 237.8 20.1 1.5 1 A0A3M0GRR8_Bacteria_Actinobacteria_Actinobacteria_Propionibacteriales_Propionibacteriaceae
4.6e-67 237.2 23.6 4.6e-67 237.2 23.6 1.3 1 A0A343TMS7_Archaea_Euryarchaeota_Halobacteria
3.1e-66 234.5 24.2 4.3e-66 234.0 24.2 1.2 1 Q2S0G6_Bacteria_Bacteroidetes_Bacteroidetes_Order_II._Incertae_sedis_Rhodothermaceae
5.3e-66 233.7 20.1 7.4e-66 233.2 20.1 1.2 1 A0A554NCR3_Archaea_Euryarchaeota_Halobacteria
1e-65 232.8 25.1 1e-65 232.8 25.1 1.3 1 A0A1G9SNU5_Archaea_Euryarchaeota_Halobacteria
1.7e-65 232.0 18.9 2.2e-65 231.7 18.9 1.1 1 E4TMB3_Bacteria_Bacteroidetes_Cytophagia_Cytophagales_Flammeovirgaceae
3.1e-65 231.2 26.3 3.5e-65 231.0 26.3 1.0 1 Q2S4K1_Bacteria_Bacteroidetes_Bacteroidetes_Order_II._Incertae_sedis_Rhodothermaceae
1.8e-64 228.7 24.2 2.3e-64 228.4 24.2 1.1 1 V4YGD5_Archaea_
2.7e-64 228.1 12.2 3.3e-64 227.8 12.2 1.1 1 Q1AUE4_Bacteria_Actinobacteria_Rubrobacteria_Rubrobacterales_Rubrobacteraceae
1.4e-63 225.8 22.6 2e-63 225.3 22.6 1.2 1 A0A2R2W523_Bacteria_Actinobacteria_Actinobacteria_Micrococcales_Microbacteriaceae
1.5e-63 225.6 21.7 2.1e-63 225.2 21.7 1.2 1 F4L2V4_Bacteria_Bacteroidetes_Saprospiria_Saprospirales_Haliscomenobacteraceae
3.4e-63 224.5 18.1 4.8e-63 224.0 18.1 1.2 1 U1PN81_Archaea_Euryarchaeota_Halobacteria
5.8e-63 223.8 25.1 7.3e-63 223.4 25.1 1.1 1 A0A2H3NQH6_Bacteria_Bacteroidetes_Bacteroidetes_Order_II._Incertae_sedis_Rhodothermaceae
7.8e-63 223.3 22.9 7.8e-63 223.3 22.9 1.3 1 A0A1G8VC23_Archaea_Euryarchaeota_Halobacteria
9.4e-63 223.1 19.0 1.3e-62 222.6 19.0 1.1 1 G0QG72_Archaea_Euryarchaeota_Nanohaloarchaea
3.4e-62 221.3 18.8 4.1e-62 221.0 18.8 1.1 1 V4YHA3_Archaea_
3.5e-62 221.2 26.3 5.1e-62 220.7 26.3 1.2 1 A0A2A8CXP1_Bacteria_Bacteroidetes_Bacteroidetes_Order_II._Incertae_sedis_Rhodothermaceae
3e-61 218.1 12.9 4.2e-61 217.6 12.9 1.2 1 U1PWG2_Archaea_Euryarchaeota_Halobacteria
1.7e-59 212.4 23.0 2.1e-59 212.1 23.0 1.1 1 Q4FPE2_Bacteria_Proteobacteria_Alphaproteobacteria_Pelagibacterales_Pelagibacteraceae
4.7e-59 210.9 26.2 6.8e-59 210.4 26.2 1.2 1 A0A2W1Y2S6_Bacteria_Actinobacteria_Actinobacteria_Micrococcales_Microbacteriaceae
1.1e-58 209.7 25.8 1.3e-58 209.5 25.8 1.1 1 D5BNU0_Bacteria_Proteobacteria_Alphaproteobacteria_
1.8e-58 209.0 24.6 2.2e-58 208.8 24.6 1.1 1 A0A259U2F4_Bacteria_Rhodothermaeota_Rhodothermia_Rhodothermales_Rubricoccaceae
1.9e-57 205.7 26.0 2.1e-57 205.5 26.0 1.0 1 J9YZT0_Bacteria_Proteobacteria_Alphaproteobacteria_Pelagibacterales_Pelagibacteraceae
4.8e-57 204.4 19.2 6.9e-57 203.8 19.2 1.2 1 G0QAX6_Archaea_Euryarchaeota_Nanohaloarchaea
7.7e-54 193.8 20.5 1.1e-53 193.4 20.5 1.2 1 A0A098S745_Bacteria_Bacteroidetes_Saprospiria_Saprospirales_Haliscomenobacteraceae
9.2e-54 193.6 16.2 1.9e-53 192.6 16.2 1.4 1 L1JKY6_Eukaryota_Cryptophyta_Pyrenomonadales_Geminigeraceae_Guillardia
1.1e-53 193.3 15.5 2.4e-53 192.2 15.5 1.5 1 CAMPEP0169490382_Eukaryota_Cryptophyta_Pyrenomonadales_Geminigeraceae_Hanusia
1.1e-53 193.3 16.0 2.7e-53 192.1 16.0 1.6 1 CAMPEP0113786834_Eukaryota_Cryptophyta_Pyrenomonadales_Geminigeraceae_Guillardia
1.2e-53 193.2 16.0 2.8e-53 192.0 16.0 1.6 1 CAMPEP0113817786_Eukaryota_Cryptophyta_Pyrenomonadales_Geminigeraceae_Guillardia
1.3e-53 193.1 16.0 2.9e-53 191.9 16.0 1.6 1 CAMPEP0113810756_Eukaryota_Cryptophyta_Pyrenomonadales_Geminigeraceae_Guillardia
1.3e-53 193.1 29.2 1.7e-53 192.7 29.2 1.1 1 F4AZU7_Bacteria_Bacteroidetes_Flavobacteriia_Flavobacteriales_Flavobacteriaceae
1.6e-53 192.8 19.9 2e-53 192.5 19.9 1.1 1 A2U353_Bacteria_Bacteroidetes_Flavobacteriia_Flavobacteriales_Flavobacteriaceae
8.6e-53 190.4 25.9 1e-52 190.2 25.9 1.0 1 Q0FDV4_Bacteria_Proteobacteria_Alphaproteobacteria_Rhodobacterales_
1.8e-52 189.4 14.2 3.2e-52 188.5 14.2 1.4 1 CAMPEP0169526102_Eukaryota_Cryptophyta_Pyrenomonadales_Geminigeraceae_Hanusia
2.2e-52 189.1 28.3 2.2e-52 189.1 28.3 1.4 1 A0A1G7QQU3_Bacteria_Proteobacteria_Alphaproteobacteria_Rhodospirillales_Rhodospirillaceae
4.2e-51 184.9 27.0 5.1e-51 184.6 27.0 1.1 1 F8ED43_Bacteria_Bacteroidetes_Cytophagia_Cytophagales_Cytophagaceae
4.7e-51 184.7 20.7 5.8e-51 184.4 20.7 1.1 1 A0A2N0VJZ2_Bacteria_Balneolaeota_Balneolia_Balneolales_Balneolaceae
1.6e-50 183.0 28.1 2.2e-50 182.5 28.1 1.2 1 G4QJE5_Bacteria_Proteobacteria_Gammaproteobacteria_Alteromonadales_Alteromonadaceae
3.4e-50 181.9 25.4 3.4e-50 181.9 25.4 1.3 1 A0A2T0M8I9_Bacteria_Bacteroidetes_Flavobacteriia_Flavobacteriales_Flavobacteriaceae
6.9e-50 180.9 22.0 8.3e-50 180.6 22.0 1.1 1 A0A1D7XUC4_Bacteria_Bacteroidetes_Flavobacteriia_Flavobacteriales_Flavobacteriaceae
1.1e-49 180.2 28.5 1.1e-49 180.2 28.5 1.4 1 V4JCH2_Bacteria_Proteobacteria_Deltaproteobacteria_Desulfobacterales_Desulfobulbaceae
1.1e-48 177.0 18.5 1.3e-48 176.8 18.5 1.0 1 A0A2S7T3G8_Bacteria_Bacteroidetes_Flavobacteriia_Flavobacteriales_Flavobacteriaceae
1.4e-48 176.5 22.9 2e-48 176.1 22.9 1.2 1 A0A1W6EDX0_Bacteria_Bacteroidetes_Cytophagia_Cytophagales_Cytophagaceae
1.5e-48 176.5 30.4 1.8e-48 176.3 30.4 1.0 1 A0A426KL30_Bacteria_Bacteroidetes_Flavobacteriia_Flavobacteriales_Flavobacteriaceae
2.6e-48 175.7 15.1 3.3e-48 175.4 15.1 1.1 1 M3SIM3_Bacteria_Proteobacteria_Alphaproteobacteria_Pelagibacterales_Pelagibacteraceae
2.2e-47 172.6 20.9 2.2e-47 172.6 20.9 1.5 1 A0A372I9U4_Bacteria_Proteobacteria_Alphaproteobacteria_Rhodobacterales_Rhodobacteraceae
2.9e-47 172.3 22.2 3.3e-47 172.1 22.2 1.0 1 A0A521ER10_Bacteria_Balneolaeota_Balneolia_Balneolales_Balneolaceae
4e-47 171.8 24.0 4e-47 171.8 24.0 1.4 1 A0A2A2SID2_Bacteria_Proteobacteria_Alphaproteobacteria_Sphingomonadales_Sphingomonadaceae
2.2e-46 169.4 21.3 2.9e-46 169.0 21.3 1.1 1 C0BGF2_Bacteria_Bacteroidetes_Flavobacteriia_
2.2e-46 169.4 18.7 2.2e-46 169.4 18.7 1.5 1 CAMPEP0180346420_Eukaryota_Cryptophyta_
2.7e-46 169.1 18.7 2.7e-46 169.1 18.7 1.5 1 CAMPEP0180148016_Eukaryota_Cryptophyta_
2.8e-46 169.1 18.7 2.8e-46 169.1 18.7 1.5 1 CAMPEP0180199806_Eukaryota_Cryptophyta_
3.4e-46 168.8 23.6 5.1e-46 168.2 23.6 1.2 1 A0A315Z942_Bacteria_Bacteroidetes_Cytophagia_Cytophagales_Flammeovirgaceae
7.2e-46 167.7 15.6 1e-45 167.2 15.6 1.2 1 A0A518EPB0_Bacteria_Planctomycetes_
2.9e-45 165.7 20.8 3.4e-45 165.5 20.8 1.0 1 Q1YU66_Bacteria_Proteobacteria_Gammaproteobacteria_Cellvibrionales_Porticoccaceae
3.3e-45 165.5 26.0 5e-45 164.9 26.0 1.3 1 A0A0B8XW54_Bacteria_Bacteroidetes_Sphingobacteriia_Sphingobacteriales_Sphingobacteriaceae
7.2e-45 164.4 23.9 8.2e-45 164.2 23.9 1.0 1 A0YD14_Bacteria_Proteobacteria_Gammaproteobacteria_Cellvibrionales_Spongiibacteraceae
8.3e-45 164.2 25.4 1e-44 164.0 25.4 1.1 1 A0A4R4KDF1_Bacteria_Bacteroidetes_Cytophagia_Cytophagales_Cytophagaceae
1.1e-44 163.8 19.0 1.5e-44 163.4 19.0 1.2 1 A0A369QT62_Bacteria_Proteobacteria_Alphaproteobacteria_Rhodobacterales_Rhodobacteraceae
1.5e-44 163.3 24.2 2e-44 162.9 24.2 1.2 1 A0A0S1SBN9_Bacteria_Bacteroidetes_Flavobacteriia_Flavobacteriales_Flavobacteriaceae
1.5e-44 163.3 30.3 2.4e-44 162.7 30.3 1.3 1 H5TCX4_Bacteria_Proteobacteria_Gammaproteobacteria_Alteromonadales_Alteromonadaceae
4.8e-44 161.7 22.5 6.1e-44 161.4 22.5 1.1 1 A0A1M4SDV3_Bacteria_Bacteroidetes_Flavobacteriia_Flavobacteriales_Flavobacteriaceae
7.4e-44 161.1 27.3 8.6e-44 160.9 27.3 1.0 1 G5ZZI8_Bacteria_Proteobacteria_Alphaproteobacteria_
1.6e-43 160.0 28.3 1.6e-43 160.0 28.3 1.5 1 W0A4P8_Bacteria_Proteobacteria_Alphaproteobacteria_Sphingomonadales_Sphingomonadaceae
2.4e-43 159.4 18.1 3.4e-43 158.9 18.1 1.2 1 K1L267_Bacteria_Bacteroidetes_Cytophagia_Cytophagales_Cyclobacteriaceae
2.5e-43 159.4 23.0 2.5e-43 159.4 23.0 1.4 1 A0A2I0BMF5_Bacteria_Actinobacteria_Actinobacteria_Micrococcales_Microbacteriaceae
2.4e-42 156.1 22.9 2.9e-42 155.9 22.9 1.0 1 A0A2A2SBU0_Bacteria_Proteobacteria_Alphaproteobacteria_Sphingomonadales_Sphingomonadaceae
5.7e-42 154.9 27.5 5.7e-42 154.9 27.5 1.4 1 A0A0Q4FMX4_Bacteria_Proteobacteria_Alphaproteobacteria_Sphingomonadales_Sphingomonadaceae
1.1e-41 154.0 22.9 1.5e-41 153.6 22.9 1.2 1 A0A553FSH9_Bacteria_Bacteroidetes_Cytophagia_Cytophagales_Flammeovirgaceae
3.6e-41 152.3 23.7 3.6e-41 152.3 23.7 1.3 1 A0A1H8KM00_Bacteria_Proteobacteria_Alphaproteobacteria_Rhodobacterales_Rhodobacteraceae
5.9e-41 151.6 23.8 8e-41 151.2 23.8 1.2 1 A0A345H5R4_Bacteria_Bacteroidetes_Flavobacteriia_Flavobacteriales_Flavobacteriaceae
1.2e-40 150.5 24.1 1.5e-40 150.3 24.1 1.0 1 J9DHV7_Bacteria_Proteobacteria_Alphaproteobacteria_
2.7e-40 149.4 23.0 4.5e-40 148.7 23.0 1.3 1 A0A2C8YSW0_Bacteria_Actinobacteria_Actinobacteria_Micrococcales_Microbacteriaceae
4.2e-40 148.8 23.7 5.9e-40 148.3 23.7 1.1 1 A0A0B7IY81_Bacteria_Proteobacteria_Betaproteobacteria_Nitrosomonadales_Methylophilaceae
5.1e-40 148.5 22.8 6.7e-40 148.1 22.8 1.1 1 A0A2S7KNG0_Bacteria_Bacteroidetes_Flavobacteriia_Flavobacteriales_Flavobacteriaceae
6e-40 148.3 23.2 6.8e-40 148.1 23.2 1.0 1 A0A4Y8UNP7_Bacteria_Proteobacteria_Gammaproteobacteria_Cellvibrionales_Porticoccaceae
6.1e-40 148.3 19.8 8.4e-40 147.8 19.8 1.1 1 A0A142EQA0_Bacteria_Bacteroidetes_Cytophagia_Cytophagales_Cyclobacteriaceae
6.9e-40 148.1 22.0 9.4e-40 147.6 22.0 1.2 1 A0A1H2LTG1_Bacteria_Actinobacteria_Actinobacteria_Propionibacteriales_Nocardioidaceae
7.2e-40 148.0 25.6 8.5e-40 147.8 25.6 1.0 1 A0A1M5ISW2_Bacteria_Bacteroidetes_Chitinophagia_Chitinophagales_Chitinophagaceae
8.5e-40 147.8 25.3 1.2e-39 147.3 25.3 1.2 1 A0A0Q5VP68_Bacteria_Actinobacteria_Actinobacteria_Geodermatophilales_Geodermatophilaceae
1.1e-39 147.4 23.4 1.4e-39 147.1 23.4 1.0 1 F3L4K1_Bacteria_Proteobacteria_Gammaproteobacteria_Cellvibrionales_Halieaceae
1.7e-39 146.8 25.9 1.7e-39 146.8 25.9 1.6 1 A0A1C3EIE6_Bacteria_Proteobacteria_Gammaproteobacteria_Vibrionales_Vibrionaceae
1.8e-39 146.7 19.0 2.9e-39 146.0 19.0 1.3 1 A0A2U2N8S1_Bacteria_Proteobacteria_Gammaproteobacteria_Chromatiales_Ectothiorhodospiraceae
2.6e-39 146.2 10.2 4.9e-39 145.3 10.2 1.5 1 A0A2P6N699_Eukaryota_Evosea_Variosea_Cavosteliida_Cavosteliaceae_Planoprotostelium
2.8e-39 146.1 30.8 3.8e-39 145.7 30.8 1.2 1 A0A397Q5K9_Bacteria_Proteobacteria_Alphaproteobacteria_Rhizobiales_Hyphomicrobiaceae
3.1e-39 146.0 28.9 4.4e-39 145.4 28.9 1.2 1 A8TU92_Bacteria_Proteobacteria_Alphaproteobacteria_
5.2e-39 145.2 24.0 5.2e-39 145.2 24.0 1.3 1 A0A4V1RIN0_Bacteria_
1.2e-38 144.1 11.3 1.1e-34 131.1 9.3 2.3 2 A0A1Y2CFE3_Eukaryota_Chytridiomycota_Chytridiomycetes_Chytridiales_Chytriomycetaceae_Rhizoclosmatium
1.2e-38 144.0 20.4 1.6e-38 143.6 20.4 1.2 1 A0A257DKE8_Bacteria_Proteobacteria_Alphaproteobacteria_Sphingomonadales_Sphingomonadaceae
1.4e-38 143.8 23.1 2.1e-38 143.2 23.1 1.2 1 R4VKP0_Bacteria_Proteobacteria_Gammaproteobacteria_Chromatiales_Ectothiorhodospiraceae
2e-38 143.3 20.8 2.6e-38 142.9 20.8 1.1 1 A0A2S7TL56_Bacteria_Bacteroidetes_Flavobacteriia_Flavobacteriales_Flavobacteriaceae
2.9e-38 142.8 23.0 4.4e-38 142.2 23.0 1.2 1 A0A345UGT7_Bacteria_Balneolaeota_
1.4e-37 140.6 32.0 2.2e-37 139.9 32.0 1.3 1 F1VXN6_Bacteria_Proteobacteria_Betaproteobacteria_Burkholderiales_Oxalobacteraceae
2.4e-37 139.8 28.8 2.4e-37 139.8 28.8 1.5 1 A0A126ZFS9_Bacteria_Proteobacteria_Betaproteobacteria_Burkholderiales_Comamonadaceae
3.6e-37 139.2 20.9 5.9e-37 138.5 20.9 1.3 1 A0A240UMQ2_Bacteria_Proteobacteria_Gammaproteobacteria_Oceanospirillales_Halomonadaceae
1.8e-36 136.9 29.8 2.2e-36 136.6 29.8 1.0 1 A0A255ZIB0_Bacteria_Bacteroidetes_Flavobacteriia_Flavobacteriales_Flavobacteriaceae
2.1e-36 136.7 20.5 3.1e-36 136.1 20.5 1.2 1 R4V7N8_Bacteria_Proteobacteria_Gammaproteobacteria_Chromatiales_Ectothiorhodospiraceae
2.3e-36 136.5 12.7 3.2e-36 136.1 12.7 1.2 1 A0A3N1A4I7_Bacteria_Actinobacteria_Actinobacteria_Micromonosporales_Micromonosporaceae
4e-36 135.7 17.6 4.7e-36 135.5 17.6 1.0 1 CAMPEP0198039294_Eukaryota_Dinophyceae_Peridiniales_Heterocapsaceae_Heterocapsa
6.2e-36 135.1 18.3 1.7e-30 117.3 17.1 2.6 2 A0A507C5Z0_Eukaryota_Chytridiomycota_Chytridiomycetes_Synchytriales_Synchytriaceae_Synchytrium
2.4e-35 133.2 18.8 3.3e-35 132.7 18.8 1.2 1 CAMPEP0205060456_Eukaryota_Dinophyceae_Oxyrrhinales_Oxyrrhinaceae_Oxyrrhis
1.8e-34 130.3 17.2 1.8e-34 130.3 17.2 1.9 1 A0A257LCK7_Bacteria_Bacteroidetes_
8.6e-34 128.1 24.2 1.1e-33 127.8 24.2 1.1 1 CAMPEP0204481496_Eukaryota_Dinophyceae_Oxyrrhinales_Oxyrrhinaceae_Oxyrrhis
9.3e-34 128.0 24.2 1.2e-33 127.7 24.2 1.1 1 CAMPEP0204344422_Eukaryota_Dinophyceae_Oxyrrhinales_Oxyrrhinaceae_Oxyrrhis
2.5e-33 126.6 32.5 2.5e-33 126.6 32.5 1.3 1 A0A1Y2RBM6_Bacteria_Bacteroidetes_Chitinophagia_Chitinophagales_Chitinophagaceae
3.1e-33 126.3 16.1 7.1e-33 125.1 16.1 1.5 1 CAMPEP0168690030_Eukaryota_Dinophyceae_Peridiniales_Heterocapsaceae_Heterocapsa
9e-33 124.8 24.8 1.2e-32 124.4 24.8 1.1 1 CAMPEP0205039860_Eukaryota_Dinophyceae_Oxyrrhinales_Oxyrrhinaceae_Oxyrrhis
9.5e-33 124.7 24.8 1.2e-32 124.3 24.8 1.1 1 CAMPEP0204967888_Eukaryota_Dinophyceae_Oxyrrhinales_Oxyrrhinaceae_Oxyrrhis
3e-32 123.1 24.8 3.9e-32 122.7 24.8 1.1 1 A0A0W1QJU9_Bacteria_Proteobacteria_Alphaproteobacteria_Sphingomonadales_Sphingomonadaceae
3.4e-32 122.9 27.3 3.4e-32 122.9 27.3 2.8 1 A0A0L0DT58_Eukaryota_Apusomonadidae_Thecamonas
6e-32 122.1 12.8 2e-31 120.3 12.8 1.9 1 A0A2P6NPD5_Eukaryota_Evosea_Variosea_Cavosteliida_Cavosteliaceae_Planoprotostelium
6.3e-32 122.0 22.0 6.3e-32 122.0 22.0 1.5 1 A0A267T782_Bacteria_Bacteroidetes_Cytophagia_Cytophagales_Cytophagaceae
6.8e-32 121.9 21.8 1e-31 121.3 21.8 1.3 1 A0A2L2BQA5_Bacteria_Actinobacteria_Actinobacteria_Micrococcales_Microbacteriaceae
7.2e-32 121.8 15.6 1.7e-27 107.5 14.9 2.4 2 A0A507FIQ9_Eukaryota_Chytridiomycota_Chytridiomycetes_Chytridiales_Chytriomycetaceae_Chytriomyces
1.2e-31 121.1 17.6 1.2e-31 121.1 17.6 1.5 1 A0A249KFU4_Bacteria_Actinobacteria_Actinobacteria_Candidatus_Nanopelagicales_Candidatus_Nanopelagicaceae
1.9e-31 120.4 21.8 1.5e-30 117.5 21.8 2.0 1 A0A1Y1HL64_Eukaryota_Streptophyta_Klebsormidiophyceae
3.9e-31 119.4 23.7 5.3e-31 119.0 23.7 1.2 1 A0A1Y2HS41_Eukaryota_Blastocladiomycota_Blastocladiomycetes_Blastocladiales_Catenariaceae_Catenaria
1.1e-30 117.9 22.8 1.5e-30 117.4 22.8 1.2 1 CAMPEP0204959000_Eukaryota_Dinophyceae_Oxyrrhinales_Oxyrrhinaceae_Oxyrrhis
2.5e-30 116.7 24.7 3.4e-30 116.3 24.7 1.1 1 A0A1Y2H486_Eukaryota_Blastocladiomycota_Blastocladiomycetes_Blastocladiales_Catenariaceae_Catenaria
4.9e-30 115.8 24.8 2e-29 113.8 24.8 1.8 1 CAMPEP0204306268_Eukaryota_Dinophyceae_Oxyrrhinales_Oxyrrhinaceae_Oxyrrhis
6.6e-30 115.4 23.7 7.5e-30 115.2 23.7 1.0 1 A0A142L363_Bacteria_Bacteroidetes_
6.7e-30 115.3 23.5 9.6e-30 114.8 23.5 1.2 1 A0A0W0TPH5_Bacteria_Proteobacteria_Gammaproteobacteria_Legionellales_Legionellaceae
1.8e-29 113.9 16.5 2.3e-29 113.6 16.5 1.1 1 CAMPEP0204990336_Eukaryota_Dinophyceae_Oxyrrhinales_Oxyrrhinaceae_Oxyrrhis
2.6e-29 113.4 26.6 1e-28 111.5 26.6 1.8 1 CAMPEP0204450372_Eukaryota_Dinophyceae_Oxyrrhinales_Oxyrrhinaceae_Oxyrrhis
3.6e-29 113.0 26.0 3.6e-29 113.0 26.0 1.8 1 A0A1D9E0N3_Bacteria_Actinobacteria_Actinobacteria_Micrococcales_Microbacteriaceae
6.4e-28 108.8 20.4 1.1e-27 108.1 20.4 1.3 1 I0QZV2_Bacteria_Actinobacteria_Actinobacteria_Micrococcales_Microbacteriaceae
8.3e-27 105.2 25.0 8.3e-27 105.2 25.0 1.9 2 A0A0S9QAG0_Bacteria_Actinobacteria_Actinobacteria_Propionibacteriales_Nocardioidaceae
1.3e-26 104.6 19.6 2.5e-26 103.7 19.6 1.4 1 A0A0H4J235_Bacteria_Proteobacteria_Betaproteobacteria_Nitrosomonadales_
3.1e-26 103.3 18.2 4e-26 103.0 18.2 1.1 1 A0A517QXB6_Bacteria_Planctomycetes_
5.4e-26 102.5 10.8 6.8e-26 102.2 10.8 1.1 1 I0IBG9_Bacteria_Planctomycetes_Phycisphaerae_Phycisphaerales_Phycisphaeraceae
6.3e-26 102.3 20.4 2.4e-25 100.4 20.4 1.8 1 A0P4Y1_Bacteria_Proteobacteria_Betaproteobacteria_Nitrosomonadales_
7.7e-26 102.0 29.5 1.2e-23 94.9 20.3 2.8 2 A0A542E5V5_Bacteria_Actinobacteria_Actinobacteria_Micrococcales_Intrasporangiaceae
1.9e-25 100.7 13.9 2.5e-25 100.3 13.9 1.1 1 CAMPEP0204433392_Eukaryota_Dinophyceae_Oxyrrhinales_Oxyrrhinaceae_Oxyrrhis
5.6e-25 99.2 13.8 7.9e-25 98.7 13.8 1.2 1 CAMPEP0204327516_Eukaryota_Dinophyceae_Oxyrrhinales_Oxyrrhinaceae_Oxyrrhis
9.7e-25 98.4 13.2 1.2e-24 98.1 13.2 1.1 1 CAMPEP0176724252_Eukaryota_Dinophyceae_Prorocentrales_Prorocentraceae_Prorocentrum
1.2e-24 98.1 13.2 1.7e-24 97.7 13.2 1.2 1 CAMPEP0205316962_Eukaryota_Dinophyceae_Prorocentrales_Prorocentraceae_Prorocentrum
1.6e-24 97.7 29.7 2.9e-24 96.9 29.7 1.3 1 A0A0D6EVM3_Bacteria_Proteobacteria_Betaproteobacteria_Nitrosomonadales_Methylophilaceae
2.3e-24 97.2 6.9 2.3e-24 97.2 6.9 1.7 2 CAMPEP0113724170_Eukaryota_Cryptophyta_Cryptomonadales_Cryptomonadaceae_Cryptomonas
2.7e-24 96.9 28.8 6.3e-24 95.8 28.8 1.6 1 A0A220VF46_Bacteria_Proteobacteria_Gammaproteobacteria_Vibrionales_Vibrionaceae
8.8e-24 95.3 13.3 1.1e-23 94.9 13.3 1.1 1 CAMPEP0176921066_Eukaryota_Dinophyceae_Prorocentrales_Prorocentraceae_Prorocentrum
2.8e-23 93.6 12.1 4.2e-23 93.0 12.1 1.2 1 CAMPEP0177054196_Eukaryota_Dinophyceae_Prorocentrales_Prorocentraceae_Prorocentrum
4.8e-23 92.9 12.7 7.1e-23 92.3 12.7 1.2 1 CAMPEP0177148368_Eukaryota_Dinophyceae_Prorocentrales_Prorocentraceae_Prorocentrum
5.3e-23 92.7 12.5 8.4e-23 92.1 12.5 1.2 1 CAMPEP0205716404_Eukaryota_Dinophyceae_Prorocentrales_Prorocentraceae_Prorocentrum
7.9e-23 92.2 12.1 9.5e-23 91.9 12.1 1.1 1 CAMPEP0205394332_Eukaryota_Dinophyceae_Prorocentrales_Prorocentraceae_Prorocentrum
1.7e-22 91.0 11.3 2.3e-22 90.6 11.3 1.1 1 CAMPEP0176862886_Eukaryota_Dinophyceae_Prorocentrales_Prorocentraceae_Prorocentrum
5.7e-22 89.3 20.8 7.4e-22 89.0 20.8 1.1 1 A0A4R6F9M0_Bacteria_Proteobacteria_Alphaproteobacteria_Sphingomonadales_Sphingomonadaceae
4e-21 86.6 8.4 6e-21 86.0 8.4 1.3 1 CAMPEP0114146034_Eukaryota_Cryptophyta_Cryptomonadales_Hemiselmidaceae_Hemiselmis
4e-21 86.6 20.1 5.6e-21 86.1 20.1 1.2 1 V4YT67_Bacteria_Proteobacteria_Betaproteobacteria_
3.1e-20 83.6 14.3 3.7e-20 83.4 14.3 1.1 1 A0A4C1UHS9_Eukaryota_Arthropoda_Insecta_Lepidoptera_Psychidae_Eumeta
1.7e-19 81.2 6.6 2.5e-19 80.7 6.6 1.3 1 CAMPEP0172026522_Eukaryota_Cryptophyta_Cryptomonadales_Hemiselmidaceae_Hemiselmis
1.9e-19 81.0 6.7 2.9e-19 80.5 6.7 1.3 1 CAMPEP0172050642_Eukaryota_Cryptophyta_Cryptomonadales_Hemiselmidaceae_Hemiselmis
4.7e-18 76.5 8.5 6.5e-18 76.0 8.5 1.2 1 CAMPEP0204499900_Eukaryota_Dinophyceae_Oxyrrhinales_Oxyrrhinaceae_Oxyrrhis
1.2e-15 68.6 10.6 1.9e-15 67.9 10.6 1.3 1 CAMPEP0169464944_Eukaryota_Cryptophyta_Cryptomonadales_Hemiselmidaceae_Hemiselmis
4.7e-15 66.7 3.8 5e-15 66.6 3.8 1.0 1 CAMPEP0204301582_Eukaryota_Dinophyceae_Oxyrrhinales_Oxyrrhinaceae_Oxyrrhis
3.2e-14 63.9 4.9 3.2e-14 63.9 4.9 1.3 1 CAMPEP0204364280_Eukaryota_Dinophyceae_Oxyrrhinales_Oxyrrhinaceae_Oxyrrhis
2.7e-13 60.9 1.4 3.1e-13 60.7 1.4 1.0 1 CAMPEP0172055914_Eukaryota_Cryptophyta_Cryptomonadales_Hemiselmidaceae_Hemiselmis
3.1e-13 60.7 1.6 3.7e-13 60.4 1.6 1.0 1 CAMPEP0114150946_Eukaryota_Cryptophyta_Cryptomonadales_Hemiselmidaceae_Hemiselmis
1.7e-12 58.3 11.6 2.2e-12 57.9 11.6 1.2 1 A0A0J8YAB3_Bacteria_Proteobacteria_Gammaproteobacteria_Enterobacterales_
6.3e-10 49.9 4.4 8.3e-10 49.5 4.4 1.1 1 CAMPEP0205265572_Eukaryota_Dinophyceae_Prorocentrales_Prorocentraceae_Prorocentrum
8.5e-10 49.4 7.9 1.3e-09 48.9 7.9 1.2 1 CAMPEP0170022980_Eukaryota_Haptista_Haptophyta_Isochrysidales_Isochrysidaceae_Chrysotila
9e-10 49.3 7.9 1.3e-09 48.8 7.9 1.2 1 CAMPEP0169992544_Eukaryota_Haptista_Haptophyta_Isochrysidales_Isochrysidaceae_Chrysotila
2.1e-09 48.2 27.5 3.5e-09 47.4 27.5 1.3 1 A0A1C7DBB9_Bacteria_Proteobacteria_Alphaproteobacteria_Sphingomonadales_Erythrobacteraceae
4.2e-08 43.9 25.1 6.8e-08 43.2 25.1 1.3 1 A0A4R0NMG0_Bacteria_Proteobacteria_Alphaproteobacteria_Sphingomonadales_Erythrobacteraceae
3.6e-07 40.8 1.1 5.7e-07 40.2 1.1 1.3 1 CAMPEP0169971506_Eukaryota_Haptista_Haptophyta_Isochrysidales_Isochrysidaceae_Chrysotila
8.5e-05 33.0 16.2 9.3e-05 32.9 16.2 1.0 1 A0A0L0T8N0_Eukaryota_Blastocladiomycota_Blastocladiomycetes_Blastocladiales_Blastocladiaceae_Allomyces
------ inclusion threshold ------     _NA
0.011 26.1 1.7 0.011 26.1 1.7 1.8 1 A0A1U7SD73_Eukaryota_Chordata_Crocodylia_Alligatoridae_Alligator
0.028 24.8 2.0 0.028 24.8 2.0 1.8 1 A0A1U7SJL3_Eukaryota_Chordata_Crocodylia_Alligatoridae_Alligator
0.12 22.8 6.3 0.48 20.7 6.4 1.8 2 CAMPEP0175642644_Eukaryota_Dinophyceae_Gonyaulacales_Gonyaulacaceae_Alexandrium
0.12 22.7 0.2 0.16 22.3 0.2 1.1 1 A0A432WHT9_Bacteria_Proteobacteria_Gammaproteobacteria_Alteromonadales_Idiomarinaceae
0.14 22.4 4.5 0.14 22.4 4.5 2.1 1 A0A2A4GCP5_Bacteria_Bacteroidetes_Flavobacteriia_Flavobacteriales_Flavobacteriaceae
0.14 22.4 2.2 0.19 22.0 2.2 1.2 1 CAMPEP0196818944_Eukaryota_Bacillariophyta_Coscinodiscophyceae_Leptocylindrales_Leptocylindraceae_Leptocylindrus
0.15 22.4 6.1 0.29 21.4 6.0 1.5 1 CAMPEP0175499542_Eukaryota_Dinophyceae_Gonyaulacales_Gonyaulacaceae_Alexandrium
0.2 22.0 6.5 0.44 20.8 6.5 1.6 1 CAMPEP0175289318_Eukaryota_Dinophyceae_Gonyaulacales_Gonyaulacaceae_Alexandrium
0.23 21.8 4.9 0.29 21.4 4.9 1.1 1 A0A2P5EA79_Eukaryota_Streptophyta_Magnoliopsida
0.26 21.6 9.3 0.33 21.3 9.3 1.0 1 A0A495RLH9_Bacteria_Proteobacteria_Alphaproteobacteria_Sphingomonadales_Sphingomonadaceae
0.26 21.6 0.4 0.26 21.6 0.4 2.1 1 A0A553QR38_Eukaryota_Chordata_Actinopteri_Cypriniformes_Cyprinidae_Danionella
0.26 21.6 1.7 0.81 20.0 1.7 1.8 1 C0H8Z3_Eukaryota_Chordata_Actinopteri_Salmoniformes_Salmonidae_Salmo
0.27 21.5 1.0 0.31 21.4 1.0 1.2 1 D6ZK45_Bacteria_Actinobacteria_Actinobacteria_Actinomycetales_Actinomycetaceae
0.33 21.3 6.5 0.33 21.3 6.5 1.5 1 G5BCT0_Eukaryota_Chordata_Mammalia_Rodentia_Bathyergidae_Heterocephalus
0.35 21.2 5.9 0.35 21.2 5.9 1.8 1 G5B1N7_Eukaryota_Chordata_Mammalia_Rodentia_Bathyergidae_Heterocephalus
0.35 21.2 1.1 0.35 21.2 1.1 1.4 1 V5L582_Viruses_Marseilleviridae_Marseillevirus
0.35 21.2 1.1 0.35 21.2 1.1 1.4 1 V9SGM4_Viruses_Marseilleviridae_
0.38 21.1 0.2 0.4 21.0 0.2 1.1 1 A0A396RN89_Bacteria_Proteobacteria_Alphaproteobacteria_Sphingomonadales_Sphingomonadaceae
0.49 20.7 1.1 0.97 19.7 1.1 1.4 1 A0A5B9DDZ3_Archaea_
0.64 20.3 0.9 1 19.7 0.9 1.2 1 A0A0N5AY38_Eukaryota_Nematoda_Chromadorea_Rhabditida_Oxyuridae_Syphacia
0.67 20.3 1.6 0.96 19.7 1.6 1.2 1 CAMPEP0180631004_Eukaryota_Dinophyceae_Gonyaulacales_Amphidomataceae_Azadinium
0.68 20.2 3.4 0.84 19.9 3.4 1.1 1 CAMPEP0182834506_Eukaryota_Haptista_Haptophyta_Prymnesiales_Prymnesiaceae_Prymnesium
0.71 20.2 3.5 0.71 20.2 3.5 1.5 1 A0A1I7F5N0_Bacteria_Firmicutes_Bacilli_Bacillales_Alicyclobacillaceae
0.74 20.1 1.3 1.1 19.6 1.3 1.2 1 CAMPEP0180529706_Eukaryota_Dinophyceae_Gonyaulacales_Amphidomataceae_Azadinium
0.77 20.1 0.0 1.2 19.5 0.0 1.2 1 V5I5K4_Eukaryota_Ascomycota_Eurotiomycetes
0.78 20.0 1.8 1.1 19.6 1.8 1.2 1 CAMPEP0180765498_Eukaryota_Dinophyceae_Gonyaulacales_Amphidomataceae_Azadinium
0.78 20.0 2.1 0.78 20.0 2.1 2.1 1 A0A1G7WZ33_Bacteria_Proteobacteria_Betaproteobacteria_Rhodocyclales_Rhodocyclaceae
0.86 19.9 2.4 0.86 19.9 2.4 1.4 1 A0A146JHZ4_Viruses_Marseilleviridae_Marseillevirus
0.9 19.8 2.1 0.9 19.8 2.1 2.1 2 A0A0P1ILB5_Bacteria_Proteobacteria_Alphaproteobacteria_Rhodobacterales_Rhodobacteraceae
0.92 19.8 0.7 0.92 19.8 0.7 1.7 1 F2WLL5_Viruses_Marseilleviridae_
0.92 19.8 1.6 1.1 19.6 1.6 1.1 1 CAMPEP0170503862_Eukaryota_Ciliophora_Spirotrichea_Strombidiidae_Strombidium
0.93 19.8 5.8 0.93 19.8 5.8 1.6 1 F6YSH6_Eukaryota_Chordata_Mammalia_Didelphimorphia_Didelphidae_Monodelphis
0.93 19.8 0.8 0.93 19.8 0.8 1.5 1 A0A142CK78_Viruses_Marseilleviridae_Marseillevirus
0.95 19.8 0.3 0.95 19.8 0.3 1.1 1 CAMPEP0175795162_Eukaryota_Dinophyceae_Gonyaulacales_Gonyaulacaceae_Alexandrium
1 19.7 0.1 1.3 19.3 0.1 1.1 1 A0A399UWE2_Bacteria_Actinobacteria_Actinobacteria_Nakamurellales_Nakamurellaceae
1 19.7 2.3 1.3 19.3 2.3 1.1 1 D2XAS8_Viruses_Marseilleviridae_Marseillevirus
1 19.6 2.0 2.2 18.6 2.0 1.6 1 A0A0B0HMS8_Bacteria_Firmicutes_Bacilli_Bacillales_Paenibacillaceae
1.2 19.5 0.0 2.3e+03 8.7 0.0 2.1 2 CAMPEP0184850432_Eukaryota_Bacillariophyta_Coscinodiscophyceae_Thalassiosirales_Thalassiosiraceae_Thalassiosira
1.2 19.4 0.8 1.4 19.2 0.8 1.1 1 A0A517Z982_Bacteria_Planctomycetes_
1.3 19.4 3.1 2 18.7 3.1 1.3 1 CAMPEP0116006554_Eukaryota_Bacillariophyta_Coscinodiscophyceae_Leptocylindrales_Leptocylindraceae_Leptocylindrus
1.3 19.4 0.3 1.3 19.4 0.3 1.6 1 A0A226E5Q9_Eukaryota_Arthropoda_Collembola_Entomobryomorpha_Isotomidae_Folsomia
1.3 19.3 2.9 1.6 19.1 2.9 1.2 1 A0A257GQB8_Bacteria_Proteobacteria_Alphaproteobacteria_Rhodobacterales_Rhodobacteraceae
1.3 19.3 7.9 1.3 19.3 7.9 1.6 1 Q8VEZ6_Eukaryota_Chordata_Mammalia_Rodentia_Muridae_Mus
1.4 19.2 0.7 1.4 19.2 0.7 1.5 1 A0A0B6WZE4_Bacteria_Acidobacteria_Blastocatellia_Blastocatellales_Pyrinomonadaceae
1.4 19.2 2.6 17 15.6 0.6 2.4 2 A0A164MB07_Eukaryota_Arthropoda_Branchiopoda_Diplostraca_Daphniidae_Daphnia
1.4 19.2 1.9 1.4 19.2 1.9 1.9 2 A0A1G8TPH3_Bacteria_Proteobacteria_Gammaproteobacteria_Alteromonadales_Ferrimonadaceae
1.5 19.1 4.7 1.9 18.8 4.7 1.1 1 CAMPEP0205050198_Eukaryota_Dinophyceae_Oxyrrhinales_Oxyrrhinaceae_Oxyrrhis
1.7 18.9 3.9 3.5 17.9 3.7 1.6 1 A0A498N500_Eukaryota_Chordata_Actinopteri_Cypriniformes_Cyprinidae_Labeo
1.7 18.9 2.3 1.7 18.9 2.3 1.5 1 A0A167X3T4_Viruses_Marseilleviridae_Marseillevirus
1.8 18.9 0.8 2.2 18.6 0.2 1.5 1 CAMPEP0173412746_Eukaryota_Cryptophyta_Cryptomonadales_Hemiselmidaceae_Hemiselmis
1.8 18.8 0.2 2.2 18.6 0.2 1.1 1 M5G889_Eukaryota_Basidiomycota_Dacrymycetes
1.8 18.8 9.3 5.2 17.3 9.3 1.8 1 A0A0A8WSE5_Bacteria_Proteobacteria_Deltaproteobacteria_Desulfuromonadales_Geobacteraceae
1.9 18.8 2.6 2.5 18.4 2.6 1.2 1 A0A511CW64_Bacteria_Actinobacteria_Actinobacteria_Pseudonocardiales_Pseudonocardiaceae
2 18.7 7.7 2 18.7 7.7 2.0 1 L5JXB0_Eukaryota_Chordata_Mammalia_Chiroptera_Pteropodidae_Pteropus
2 18.7 0.0 2.3 18.5 0.0 1.1 1 A0A433X8D8_Bacteria_Proteobacteria_Alphaproteobacteria_Rhizobiales_Hyphomicrobiaceae
2 18.7 5.3 2 18.7 5.3 1.6 1 A0A0P1I386_Bacteria_Proteobacteria_Alphaproteobacteria_Rhodobacterales_Rhodobacteraceae
2.1 18.7 0.3 2.4 18.5 0.3 1.1 1 A0A4R7BX62_Bacteria_Proteobacteria_Alphaproteobacteria_Rhizobiales_Methylobacteriaceae
2.1 18.7 0.1 2.3 18.5 0.1 1.1 1 A0A0F5FG94_Bacteria_Proteobacteria_Alphaproteobacteria_Rhizobiales_Hyphomicrobiaceae
2.2 18.6 0.0 9.3e+02 9.9 0.0 2.3 2 CAMPEP0167757044_Eukaryota_Cercozoa_Chlorarachniophyceae_Gymnochlora
2.2 18.5 0.4 7.4 16.8 0.4 1.9 1 CAMPEP0197944258_Eukaryota_Dinophyceae_Gonyaulacales_Gonyaulacaceae_Gonyaulax
2.2 18.5 1.6 2.2 18.5 1.6 2.4 1 A0A4R3JBJ7_Bacteria_Proteobacteria_Alphaproteobacteria_Rhodospirillales_Rhodospirillaceae
2.3 18.5 0.0 3 18.1 0.0 1.1 1 A0A4W3H4M3_Eukaryota_Chordata_Chondrichthyes_Chimaeriformes_Callorhinchidae_Callorhinchus
2.4 18.4 3.2 3.3 18.0 3.2 1.2 1 F7ERM7_Eukaryota_Chordata_Mammalia_Monotremata_Ornithorhynchidae_Ornithorhynchus
2.5 18.4 12.5 28 15.0 5.2 2.2 2 CAMPEP0175053942_Eukaryota_Chlorophyta_Chlorophyceae
2.5 18.4 12.5 28 15.0 5.2 2.2 2 CAMPEP0175082742_Eukaryota_Chlorophyta_Chlorophyceae
2.7 18.3 7.7 2.7 18.3 7.7 1.6 1 F1LVN2_Eukaryota_Chordata_Mammalia_Rodentia_Muridae_Rattus
2.7 18.3 1.6 98 13.2 0.4 2.3 2 CAMPEP0195361438_Eukaryota_Bacillariophyta_Coscinodiscophyceae_Chaetocerotales_Chaetocerotaceae_Chaetoceros
2.7 18.3 1.6 98 13.2 0.4 2.3 2 CAMPEP0195371926_Eukaryota_Bacillariophyta_Coscinodiscophyceae_Chaetocerotales_Chaetocerotaceae_Chaetoceros
2.7 18.3 1.6 98 13.2 0.4 2.3 2 CAMPEP0195428972_Eukaryota_Bacillariophyta_Coscinodiscophyceae_Chaetocerotales_Chaetocerotaceae_Chaetoceros
2.7 18.3 1.6 98 13.2 0.4 2.3 2 CAMPEP0195400130_Eukaryota_Bacillariophyta_Coscinodiscophyceae_Chaetocerotales_Chaetocerotaceae_Chaetoceros
2.7 18.3 1.6 98 13.2 0.4 2.3 2 CAMPEP0195446092_Eukaryota_Bacillariophyta_Coscinodiscophyceae_Chaetocerotales_Chaetocerotaceae_Chaetoceros
2.7 18.3 1.6 98 13.2 0.4 2.3 2 CAMPEP0195461850_Eukaryota_Bacillariophyta_Coscinodiscophyceae_Chaetocerotales_Chaetocerotaceae_Chaetoceros
2.8 18.2 6.1 3.8 17.8 6.1 1.1 1 G3I042_Eukaryota_Chordata_Mammalia_Rodentia_Cricetidae_Cricetulus
2.8 18.2 1.0 6.2 17.1 1.0 1.5 1 CAMPEP0177651858_Eukaryota_Discosea_Stygamoebida_Stygamoeba
2.8 18.2 3.1 3.9 17.8 3.1 1.3 1 CAMPEP0197625588_Eukaryota_Dinophyceae_Suessiales_Suessiaceae_Pelagodinium
2.9 18.2 3.9 3.3 18.0 3.9 1.1 1 A0A2P5DME0_Eukaryota_Streptophyta_Magnoliopsida
3 18.1 1.0 6.5 17.0 1.0 1.5 1 CAMPEP0174240894_Eukaryota_Discosea_Longamoebia_Mayorella
3 18.1 0.2 4.7 17.5 0.2 1.2 1 CAMPEP0168262782_Eukaryota_Bacillariophyta_Bacillariophyceae_Bacillariales_Bacillariaceae_Pseudo-nitzschia
3.1 18.1 0.7 3.1 18.1 0.7 1.5 1 A0A1Q1PNQ3_Viruses_Marseilleviridae_Marseillevirus
3.2 18.0 0.8 8.6 16.6 0.1 1.8 1 CAMPEP0196488256_Eukaryota_Haptista_Haptophyta_Isochrysidales_Noelaerhabdaceae_Emiliania
3.3 18.0 6.7 3.3 18.0 6.7 1.6 1 Q7TRX9_Eukaryota_Chordata_Mammalia_Rodentia_Muridae_Mus
3.3 18.0 3.7 18 15.6 3.2 2.0 2 CAMPEP0175470312_Eukaryota_Dinophyceae_Gonyaulacales_Gonyaulacaceae_Alexandrium
3.4 18.0 2.2 4.2 17.6 2.2 1.1 1 A0A2W7MLI1_Bacteria_Firmicutes_Bacilli_Bacillales_Bacillaceae
3.4 17.9 5.4 2.2e+02 12.0 0.6 2.4 2 A0A1X6MNP4_Eukaryota_Basidiomycota_Agaricomycetes
3.4 17.9 3.6 5.3 17.3 3.6 1.2 1 S3DJ00_Eukaryota_Ascomycota_Leotiomycetes
3.5 17.9 0.7 3.5 17.9 0.7 1.9 2 B4VV06_Bacteria_Cyanobacteria_Oscillatoriales_Coleofasciculaceae
3.5 17.9 0.4 3.5 17.9 0.4 2.0 1 A0A1S3JX28_Eukaryota_Brachiopoda_Lingulata_Lingulida_Lingulidae_Lingula
3.6 17.9 0.2 3.6 17.9 0.2 2.5 1 A0A1U7SJR3_Eukaryota_Chordata_Crocodylia_Alligatoridae_Alligator
3.7 17.8 0.1 11 16.2 0.1 1.6 1 A0A067PUI7_Eukaryota_Basidiomycota_Agaricomycetes
3.7 17.8 0.5 5.7 17.2 0.5 1.2 1 CAMPEP0168175750_Eukaryota_Bacillariophyta_Bacillariophyceae_Bacillariales_Bacillariaceae_Pseudo-nitzschia
3.7 17.8 0.5 5.7 17.2 0.5 1.2 1 CAMPEP0168178016_Eukaryota_Bacillariophyta_Bacillariophyceae_Bacillariales_Bacillariaceae_Pseudo-nitzschia
3.7 17.8 0.5 5.7 17.2 0.5 1.2 1 CAMPEP0168204910_Eukaryota_Bacillariophyta_Bacillariophyceae_Bacillariales_Bacillariaceae_Pseudo-nitzschia
3.7 17.8 0.5 5.7 17.2 0.5 1.2 1 CAMPEP0168253570_Eukaryota_Bacillariophyta_Bacillariophyceae_Bacillariales_Bacillariaceae_Pseudo-nitzschia
3.7 17.8 0.5 5.7 17.2 0.5 1.2 1 CAMPEP0168269156_Eukaryota_Bacillariophyta_Bacillariophyceae_Bacillariales_Bacillariaceae_Pseudo-nitzschia
3.7 17.8 0.5 5.7 17.2 0.5 1.2 1 CAMPEP0168309610_Eukaryota_Bacillariophyta_Bacillariophyceae_Bacillariales_Bacillariaceae_Pseudo-nitzschia
3.8 17.8 2.9 4.3 17.6 2.9 1.0 1 V3ZS34_Eukaryota_Mollusca_Gastropoda_Lottiidae_Lottia
3.8 17.8 3.9 6.2 17.1 3.9 1.3 1 CAMPEP0170467594_Eukaryota_Ciliophora_Spirotrichea_Tintinnida_Xystonellidae_Favella
3.9 17.8 0.2 4.2 17.6 0.2 1.1 1 Q0C456_Bacteria_Proteobacteria_Alphaproteobacteria_Rhodobacterales_Hyphomonadaceae
3.9 17.8 0.0 6.6 17.0 0.0 1.3 1 A0A2K1XFM5_Eukaryota_Streptophyta_Magnoliopsida
3.9 17.7 6.6 3.9 17.7 6.6 1.7 1 A0A1A6HNE6_Eukaryota_Chordata_Mammalia_Rodentia_Cricetidae_Neotoma
4 17.7 0.0 4.5 17.6 0.0 1.1 1 A0A3F2U658_Bacteria_Proteobacteria_Alphaproteobacteria_Rhizobiales_Phyllobacteriaceae
4 17.7 1.1 11 16.3 0.1 2.0 1 A0A3M7S5S7_Eukaryota_Rotifera_Monogononta_Ploima_Brachionidae_Brachionus
4.1 17.7 1.6 6.3 17.1 0.8 1.7 1 A0A2T7NQY2_Eukaryota_Mollusca_Gastropoda_Architaenioglossa_Ampullariidae_Pomacea
4.1 17.7 2.9 4.1 17.7 2.9 1.8 1 B1YEF9_Bacteria_Firmicutes_Bacilli_Bacillales_
4.1 17.7 7.5 5 17.4 7.5 1.0 1 A0A143PQ69_Bacteria_Acidobacteria_Vicinamibacteria_Vicinamibacteraceae
4.2 17.6 1.1 1.4e+02 12.7 2.7 2.3 2 K6WXH8_Bacteria_Proteobacteria_Gammaproteobacteria_Alteromonadales_Alteromonadaceae
4.3 17.6 0.8 5.3 17.3 0.8 1.1 1 A0A1V1Z0H2_Bacteria_Actinobacteria_Actinobacteria_Streptomycetales_Streptomycetaceae
4.3 17.6 1.0 4.9 17.4 1.0 1.0 1 A0A449A4Q4_Bacteria_Tenericutes_Mollicutes_Mycoplasmatales_Mycoplasmataceae
4.3 17.6 1.2 5.7 17.2 1.2 1.1 1 A0A4U5RTZ9_Eukaryota_Chordata_Mammalia_Artiodactyla_Camelidae_Camelus
4.4 17.6 5.9 4.4 17.6 5.9 2.3 1 Q4DCK3_Eukaryota_Euglenozoa_Kinetoplastida_Trypanosomatidae_Trypanosoma
4.5 17.6 1.6 4.6 17.5 0.8 1.6 1 A0A011SJQ2_Bacteria_Firmicutes_Bacilli_Lactobacillales_Carnobacteriaceae
4.6 17.5 9.0 4.6 17.5 9.0 1.4 1 A0A507FAR9_Eukaryota_Chytridiomycota_Chytridiomycetes_Chytridiales_Chytriomycetaceae_Chytriomyces
4.7 17.5 1.4 6 17.1 1.4 1.3 1 A0A0G4H3E2_Eukaryota_Vitrellaceae_Vitrella
4.7 17.5 2.4 4.7 17.5 2.4 1.9 1 A0A418YF82_Bacteria_Proteobacteria_Gammaproteobacteria_Alteromonadales_
4.7 17.5 3.3 4.7 17.5 3.3 2.0 2 E1SM62_Bacteria_Proteobacteria_Gammaproteobacteria_Alteromonadales_Ferrimonadaceae
4.7 17.5 0.0 5.5 17.3 0.0 1.1 1 Q11IN7_Bacteria_Proteobacteria_Alphaproteobacteria_Rhizobiales_Phyllobacteriaceae
4.7 17.5 5.4 4.7 17.5 5.4 2.4 1 Q4DB10_Eukaryota_Euglenozoa_Kinetoplastida_Trypanosomatidae_Trypanosoma
5 17.4 2.1 6 17.1 2.1 1.1 1 CAMPEP0198094576_Eukaryota_Dinophyceae_Peridiniales_Heterocapsaceae_Heterocapsa
5 17.4 0.0 6.6 17.0 0.0 1.1 1 A0A0Q6LHM9_Bacteria_Proteobacteria_Alphaproteobacteria_Rhizobiales_Phyllobacteriaceae
5.1 17.4 0.9 5.7 17.2 0.9 1.2 1 A0A076FGW3_Viruses_Phycodnaviridae_
5.1 17.4 3.5 7.5 16.8 3.5 1.3 1 CAMPEP0206044724_Eukaryota_Haptista_Haptophyta_Pavlovales_Pavlovaceae_Pavlova
5.1 17.4 9.7 49 14.1 1.4 2.1 2 CAMPEP0184478858_Eukaryota_Cercozoa_Chlorarachniophyceae_
5.2 17.3 2.4 8.3 16.7 2.4 1.2 1 CAMPEP0174950660_Eukaryota_Cryptophyta_Cryptomonadales_Hemiselmidaceae_Hemiselmis
5.3 17.3 3.2 5.3 17.3 3.2 1.7 1 A0A345H0S1_Bacteria_Bacteroidetes_Flavobacteriia_Flavobacteriales_Flavobacteriaceae
5.3 17.3 5.0 5.3 17.3 5.0 1.6 1 A0A0Q8RUQ9_Bacteria_Proteobacteria_Betaproteobacteria_Burkholderiales_Oxalobacteraceae
5.5 17.3 0.2 7.5 16.8 0.2 1.1 1 A0A1D6PVW0_Eukaryota_Streptophyta_Magnoliopsida
5.6 17.2 0.4 7.7 16.8 0.4 1.2 1 A0A3A4AZE8_Bacteria_Actinobacteria_Actinobacteria_Streptosporangiales_Streptosporangiaceae
5.6 17.2 3.3 12 16.2 3.3 1.5 1 W7BTK0_Bacteria_Firmicutes_Bacilli_Bacillales_Listeriaceae
5.6 17.2 1.9 9.1 16.5 0.5 1.9 1 V2Q7R7_Bacteria_Deferribacteres_Deferribacteres_Deferribacterales_Deferribacteraceae
5.8 17.2 0.2 6.6 17.0 0.2 1.1 1 CAMPEP0197780882_Eukaryota_Dinophyceae_Gonyaulacales_Gonyaulacaceae_Alexandrium
5.9 17.2 0.8 9.9e+02 9.9 0.1 2.1 2 A0A162Y6A0_Eukaryota_Mucoromycota_Mucoromycetes_Mucorales_Phycomycetaceae_Phycomyces
6.1 17.1 0.6 15 15.8 0.1 1.7 1 CAMPEP0196467478_Eukaryota_Haptista_Haptophyta_Isochrysidales_Noelaerhabdaceae_Emiliania
6.1 17.1 0.6 15 15.8 0.1 1.7 1 CAMPEP0196533796_Eukaryota_Haptista_Haptophyta_Isochrysidales_Noelaerhabdaceae_Emiliania
6.1 17.1 1.4 6.5 17.0 1.4 1.1 1 A0A2R5GBM4_Eukaryota_Bigyra_Labyrinthulomycetes_Thraustochytriaceae_Hondaea
6.2 17.1 9.3 8.5 16.6 8.6 1.5 1 A0A0C3IE94_Eukaryota_Basidiomycota_Agaricomycetes
6.2 17.1 0.7 7.8 16.8 0.7 1.3 1 A0A1I2M696_Bacteria_Firmicutes_Bacilli_Bacillales_Thermoactinomycetaceae
6.3 17.1 3.5 6.3 17.1 3.5 2.1 1 A0A1G6K471_Bacteria_Thermotogae_Thermotogae_Petrotogales_Petrotogaceae
6.3 17.1 0.3 6.3 17.1 0.3 1.8 1 E9H402_Eukaryota_Arthropoda_Branchiopoda_Diplostraca_Daphniidae_Daphnia
6.4 17.0 6.8 6.4 17.0 6.8 1.6 1 G5B941_Eukaryota_Chordata_Mammalia_Rodentia_Bathyergidae_Heterocephalus
6.4 17.0 0.5 8.2 16.7 0.5 1.1 1 A0A2G8KJK3_Eukaryota_Echinodermata_Holothuroidea_Aspidochirotida_Stichopodidae_Apostichopus
6.5 17.0 2.7 12 16.2 2.7 1.3 1 CAMPEP0177172144_Eukaryota_Dinophyceae_Thoracosphaerales_Thoracosphaeraceae_Scrippsiella
6.6 17.0 2.0 7.3 16.8 2.0 1.0 1 CAMPEP0204404816_Eukaryota_Dinophyceae_Oxyrrhinales_Oxyrrhinaceae_Oxyrrhis
6.6 17.0 0.1 7.8 16.8 0.1 1.1 1 R5CIM3_Bacteria_Firmicutes_
6.6 17.0 0.1 7.7 16.8 0.1 1.1 1 A0A239PY71_Bacteria_Proteobacteria_Alphaproteobacteria_Parvularculales_Parvularculaceae
6.7 17.0 0.7 6.7 17.0 0.7 1.8 1 A0A1D6Y7C9_Viruses_Marseilleviridae_Marseillevirus
6.9 16.9 5.3 1.1e+02 13.0 5.3 2.4 1 M1WSI3_Bacteria_Proteobacteria_Deltaproteobacteria_Desulfovibrionales_Desulfovibrionaceae
6.9 16.9 0.4 8.9 16.6 0.4 1.1 1 CAMPEP0204591434_Eukaryota_Dinophyceae_Gonyaulacales_Gonyaulacaceae_Alexandrium
7 16.9 0.1 9.1 16.5 0.1 1.1 1 CAMPEP0196559232_Eukaryota_Haptista_Haptophyta_Isochrysidales_Noelaerhabdaceae_Emiliania
7.1 16.9 4.4 7.1 16.9 4.4 2.0 1 M0R452_Eukaryota_Chordata_Mammalia_Rodentia_Muridae_Rattus
7.2 16.9 0.0 12 16.1 0.0 1.3 1 A0A2K1R5I3_Eukaryota_Streptophyta_Magnoliopsida
7.2 16.9 0.6 8.2 16.7 0.6 1.1 1 L1Q848_Bacteria_Firmicutes_Clostridia_Clostridiales_Clostridiaceae
7.5 16.8 0.8 13 16.0 0.8 1.3 1 A0A2P8YTS5_Eukaryota_Arthropoda_Insecta_Blattodea_Ectobiidae_Blattella
7.6 16.8 0.6 11 16.2 0.6 1.2 1 CAMPEP0201136690_Eukaryota_Bacillariophyta_Bacillariophyceae_Bacillariales_Bacillariaceae_Pseudo-nitzschia
7.6 16.8 0.6 11 16.2 0.6 1.2 1 CAMPEP0201217272_Eukaryota_Bacillariophyta_Bacillariophyceae_Bacillariales_Bacillariaceae_Pseudo-nitzschia
7.6 16.8 0.6 11 16.2 0.6 1.2 1 CAMPEP0201231046_Eukaryota_Bacillariophyta_Bacillariophyceae_Bacillariales_Bacillariaceae_Pseudo-nitzschia
7.6 16.8 0.6 11 16.2 0.6 1.2 1 CAMPEP0201259350_Eukaryota_Bacillariophyta_Bacillariophyceae_Bacillariales_Bacillariaceae_Pseudo-nitzschia
7.6 16.8 0.0 9.2 16.5 0.0 1.1 1 D7B6W0_Bacteria_Actinobacteria_Actinobacteria_Streptosporangiales_Nocardiopsaceae
7.6 16.8 0.9 8.6 16.6 0.9 1.0 1 F8A5V6_Bacteria_Actinobacteria_Actinobacteria_Micrococcales_Cellulomonadaceae
7.7 16.8 1.4 4.9e+02 10.9 0.1 2.1 2 W9QYP3_Eukaryota_Streptophyta_Magnoliopsida
7.8 16.8 5.2 7.8 16.8 5.2 2.4 1 C0J0B2_Eukaryota_Chordata_Chondrichthyes_Chimaeriformes_Callorhinchidae_Callorhinchus
7.8 16.8 2.7 7.8 16.8 2.7 1.9 1 A0A3M0K5M7_Eukaryota_Chordata_Aves_Passeriformes_Hirundinidae_Hirundo
7.8 16.8 0.7 11 16.3 0.7 1.2 1 A0A1H2V9P7_Bacteria_Firmicutes_Clostridia_Clostridiales_Lachnospiraceae
8 16.7 1.2 14 15.9 1.2 1.3 1 A0A0R3WGA4_Eukaryota_Platyhelminthes_Cestoda_Cyclophyllidea_Taeniidae_Taenia
8 16.7 1.7 8 16.7 1.7 1.5 1 A0A0V0YCF7_Eukaryota_Nematoda_Enoplea_Trichinellida_Trichinellidae_Trichinella
8.1 16.7 0.6 38 14.5 0.0 2.2 1 A0A380BES9_Bacteria_Firmicutes_Bacilli_Bacillales_Planococcaceae
8.2 16.7 0.4 3.8e+02 11.2 0.1 2.1 2 A0A0C3K6X9_Eukaryota_Basidiomycota_Agaricomycetes
8.9 16.6 4.2 13 16.1 2.7 1.8 1 A0A0P7WER2_Eukaryota_Chordata_Actinopteri_Osteoglossiformes_Osteoglossidae_Scleropages
8.9 16.6 1.0 10 16.4 1.0 1.1 1 A0A0N0K231_Bacteria_Proteobacteria_Alphaproteobacteria_
9 16.6 9.2 4.2e+02 11.1 0.1 2.7 2 K1MHS5_Bacteria_Bacteroidetes_Flavobacteriia_Flavobacteriales_Flavobacteriaceae
9 16.5 0.4 13 16.0 0.4 1.1 1 A0A2I0J210_Eukaryota_Streptophyta_Magnoliopsida
9.2 16.5 0.0 21 15.4 0.0 1.6 1 A0A1S3LVX3_Eukaryota_Chordata_Actinopteri_Salmoniformes_Salmonidae_Salmo
9.3 16.5 0.9 11 16.3 0.9 1.1 1 L5L648_Eukaryota_Chordata_Mammalia_Chiroptera_Pteropodidae_Pteropus
9.5 16.5 0.0 10 16.4 0.0 1.2 1 A0A1I0EPQ0_Bacteria_Firmicutes_Clostridia_Clostridiales_Lachnospiraceae
9.7 16.5 3.3 9.7 16.5 3.3 1.7 1 G2KRI0_Bacteria_Proteobacteria_Alphaproteobacteria_
9.8 16.4 0.5 15 15.8 0.5 1.2 1 A0A2J7RJK1_Eukaryota_Arthropoda_Insecta_Blattodea_Kalotermitidae_Cryptotermes
9.9 16.4 0.5 15 15.8 0.5 1.2 1 A0A2J7RJK6_Eukaryota_Arthropoda_Insecta_Blattodea_Kalotermitidae_Cryptotermes
        _NA
